<?xml version="1.0" encoding="UTF-8"?>
<!-- Generated by org.testng.reporters.JUnitReportReporter -->
<testsuite hostname="DESKTOP-SVA3GPB" failures="0" tests="1" name="testPackage.General" time="8.668" errors="0" timestamp="2023-09-06T10:14:15 IST" skipped="0">
  <testcase classname="testPackage.General" name="pageLoad" time="8.668"/>
</testsuite> <!-- testPackage.General -->
