<?xml version="1.0" encoding="UTF-8"?>
<!-- Generated by org.testng.reporters.JUnitReportReporter -->
<testsuite hostname="DESKTOP-SVA3GPB" failures="0" tests="1" name="testPackage.Grid" time="82.341" errors="0" timestamp="2023-09-05T12:59:01 IST" skipped="0">
  <testcase classname="testPackage.Grid" name="gridTest" time="82.341"/>
</testsuite> <!-- testPackage.Grid -->
