<?xml version="1.0" encoding="UTF-8"?>
<!-- Generated by org.testng.reporters.JUnitReportReporter -->
<testsuite hostname="DESKTOP-SVA3GPB" failures="0" tests="1" name="testPackage.Grid" time="84.507" errors="0" timestamp="2023-09-06T21:45:21 IST" skipped="0">
  <testcase classname="testPackage.Grid" name="gridTest" time="84.507"/>
</testsuite> <!-- testPackage.Grid -->
