<?xml version="1.0" encoding="UTF-8"?>
<!-- Generated by org.testng.reporters.JUnitReportReporter -->
<testsuite hostname="DESKTOP-SVA3GPB" failures="0" tests="1" name="testPackage.Sel2" time="6.783" errors="0" timestamp="2023-09-04T20:37:07 IST" skipped="0">
  <testcase classname="testPackage.Sel2" name="execute" time="6.783"/>
</testsuite> <!-- testPackage.Sel2 -->
