<?xml version="1.0" encoding="UTF-8"?>
<!-- Generated by org.testng.reporters.JUnitReportReporter -->
<testsuite hostname="DESKTOP-SVA3GPB" failures="0" tests="1" name="testPackage.Grid" time="74.677" errors="0" timestamp="5 Sep 2023 14:33:15 GMT">
  <testcase classname="testPackage.Grid" name="gridTest" time="74.677"/>
</testsuite> <!-- testPackage.Grid -->
