<?xml version="1.0" encoding="UTF-8"?>
<!-- Generated by org.testng.reporters.JUnitReportReporter -->
<testsuite hostname="DESKTOP-SVA3GPB" failures="0" tests="1" name="testPackage.Sel2" time="12.155" errors="0" timestamp="4 Sep 2023 16:17:40 GMT">
  <testcase classname="testPackage.Sel2" name="execute" time="12.155"/>
</testsuite> <!-- testPackage.Sel2 -->
