<?xml version="1.0" encoding="UTF-8"?>
<!-- Generated by org.testng.reporters.JUnitReportReporter -->
<testsuite hostname="DESKTOP-SVA3GPB" failures="0" tests="1" name="testPackage.Sel2" time="7.492" errors="0" timestamp="4 Sep 2023 15:44:30 GMT">
  <testcase classname="testPackage.Sel2" name="execute" time="7.492"/>
</testsuite> <!-- testPackage.Sel2 -->
